2023-09-08 09:58:45,537 INFO  [restartedMain] com.saferent.SaferentApplication:Starting SaferentApplication using Java 18.0.2.1 on Abide-MBP.fritz.box with PID 4009 (/Users/abidehalidekaradag/Desktop/backendproject(saferent)/target/classes started by abidehalidekaradag in /Users/abidehalidekaradag/Desktop/backendproject(saferent))
2023-09-08 09:58:45,564 DEBUG [restartedMain] com.saferent.SaferentApplication:Running with Spring Boot v2.7.8, Spring v5.3.25
2023-09-08 09:58:45,567 INFO  [restartedMain] com.saferent.SaferentApplication:No active profile set, falling back to 1 default profile: "default"
2023-09-08 09:58:45,653 INFO  [restartedMain] org.springframework.boot.devtools.env.DevToolsPropertyDefaultsPostProcessor:Devtools property defaults active! Set 'spring.devtools.add-properties' to 'false' to disable
2023-09-08 09:58:45,654 INFO  [restartedMain] org.springframework.boot.devtools.env.DevToolsPropertyDefaultsPostProcessor:For additional web related logging consider setting the 'logging.level.web' property to 'DEBUG'
2023-09-08 09:58:46,858 INFO  [restartedMain] org.springframework.data.repository.config.RepositoryConfigurationDelegate:Bootstrapping Spring Data JPA repositories in DEFAULT mode.
2023-09-08 09:58:46,939 INFO  [restartedMain] org.springframework.data.repository.config.RepositoryConfigurationDelegate:Finished Spring Data repository scanning in 75 ms. Found 6 JPA repository interfaces.
2023-09-08 09:58:47,569 INFO  [restartedMain] org.springframework.boot.web.embedded.tomcat.TomcatWebServer:Tomcat initialized with port(s): 8080 (http)
2023-09-08 09:58:47,578 INFO  [restartedMain] org.apache.catalina.core.StandardService:Starting service [Tomcat]
2023-09-08 09:58:47,581 INFO  [restartedMain] org.apache.catalina.core.StandardEngine:Starting Servlet engine: [Apache Tomcat/9.0.71]
2023-09-08 09:58:47,648 INFO  [restartedMain] org.apache.catalina.core.ContainerBase.[Tomcat].[localhost].[/]:Initializing Spring embedded WebApplicationContext
2023-09-08 09:58:47,650 INFO  [restartedMain] org.springframework.boot.web.servlet.context.ServletWebServerApplicationContext:Root WebApplicationContext: initialization completed in 1996 ms
2023-09-08 09:58:47,932 INFO  [restartedMain] org.hibernate.jpa.internal.util.LogHelper:HHH000204: Processing PersistenceUnitInfo [name: default]
2023-09-08 09:58:47,962 INFO  [restartedMain] org.hibernate.Version:HHH000412: Hibernate ORM core version 5.6.14.Final
2023-09-08 09:58:48,120 INFO  [restartedMain] org.hibernate.annotations.common.Version:HCANN000001: Hibernate Commons Annotations {5.1.2.Final}
2023-09-08 09:58:48,176 INFO  [restartedMain] com.zaxxer.hikari.HikariDataSource:HikariPool-1 - Starting...
2023-09-08 09:58:48,314 INFO  [restartedMain] com.zaxxer.hikari.HikariDataSource:HikariPool-1 - Start completed.
2023-09-08 09:58:48,342 INFO  [restartedMain] org.hibernate.dialect.Dialect:HHH000400: Using dialect: org.hibernate.dialect.PostgreSQLDialect
2023-09-08 09:58:49,154 INFO  [restartedMain] org.hibernate.engine.transaction.jta.platform.internal.JtaPlatformInitiator:HHH000490: Using JtaPlatform implementation: [org.hibernate.engine.transaction.jta.platform.internal.NoJtaPlatform]
2023-09-08 09:58:49,162 INFO  [restartedMain] org.springframework.orm.jpa.LocalContainerEntityManagerFactoryBean:Initialized JPA EntityManagerFactory for persistence unit 'default'
2023-09-08 09:58:49,703 DEBUG [restartedMain] com.saferent.security.jwt.AuthTokenFilter:Filter 'authTokenFilter' configured for use
2023-09-08 09:58:49,953 INFO  [restartedMain] org.springframework.security.web.DefaultSecurityFilterChain:Will secure any request with [org.springframework.security.web.session.DisableEncodeUrlFilter@71681397, org.springframework.security.web.context.request.async.WebAsyncManagerIntegrationFilter@d2f5cd7, org.springframework.security.web.context.SecurityContextPersistenceFilter@6efb585d, org.springframework.security.web.header.HeaderWriterFilter@42c6c7f4, org.springframework.security.web.authentication.logout.LogoutFilter@18a9569a, com.saferent.security.jwt.AuthTokenFilter@5df6488c, org.springframework.security.web.savedrequest.RequestCacheAwareFilter@3e8be86f, org.springframework.security.web.servletapi.SecurityContextHolderAwareRequestFilter@6fbf4cb2, org.springframework.security.web.authentication.AnonymousAuthenticationFilter@29b62a4b, org.springframework.security.web.session.SessionManagementFilter@5a09b515, org.springframework.security.web.access.ExceptionTranslationFilter@346be9af, org.springframework.security.web.access.intercept.FilterSecurityInterceptor@22fd287]
2023-09-08 09:58:50,063 WARN  [restartedMain] org.springframework.boot.autoconfigure.orm.jpa.JpaBaseConfiguration$JpaWebConfiguration:spring.jpa.open-in-view is enabled by default. Therefore, database queries may be performed during view rendering. Explicitly configure spring.jpa.open-in-view to disable this warning
2023-09-08 09:58:51,271 WARN  [restartedMain] org.springframework.security.config.annotation.web.builders.WebSecurity:You are asking Spring Security to ignore Ant [pattern='/v3/api-docs/**']. This is not recommended -- please use permitAll via HttpSecurity#authorizeHttpRequests instead.
2023-09-08 09:58:51,272 INFO  [restartedMain] org.springframework.security.web.DefaultSecurityFilterChain:Will not secure Ant [pattern='/v3/api-docs/**']
2023-09-08 09:58:51,272 WARN  [restartedMain] org.springframework.security.config.annotation.web.builders.WebSecurity:You are asking Spring Security to ignore Ant [pattern='swagger-ui.html']. This is not recommended -- please use permitAll via HttpSecurity#authorizeHttpRequests instead.
2023-09-08 09:58:51,273 INFO  [restartedMain] org.springframework.security.web.DefaultSecurityFilterChain:Will not secure Ant [pattern='swagger-ui.html']
2023-09-08 09:58:51,273 WARN  [restartedMain] org.springframework.security.config.annotation.web.builders.WebSecurity:You are asking Spring Security to ignore Ant [pattern='/swagger-ui/**']. This is not recommended -- please use permitAll via HttpSecurity#authorizeHttpRequests instead.
2023-09-08 09:58:51,273 INFO  [restartedMain] org.springframework.security.web.DefaultSecurityFilterChain:Will not secure Ant [pattern='/swagger-ui/**']
2023-09-08 09:58:51,273 WARN  [restartedMain] org.springframework.security.config.annotation.web.builders.WebSecurity:You are asking Spring Security to ignore Ant [pattern='/']. This is not recommended -- please use permitAll via HttpSecurity#authorizeHttpRequests instead.
2023-09-08 09:58:51,273 INFO  [restartedMain] org.springframework.security.web.DefaultSecurityFilterChain:Will not secure Ant [pattern='/']
2023-09-08 09:58:51,273 WARN  [restartedMain] org.springframework.security.config.annotation.web.builders.WebSecurity:You are asking Spring Security to ignore Ant [pattern='index.html']. This is not recommended -- please use permitAll via HttpSecurity#authorizeHttpRequests instead.
2023-09-08 09:58:51,273 INFO  [restartedMain] org.springframework.security.web.DefaultSecurityFilterChain:Will not secure Ant [pattern='index.html']
2023-09-08 09:58:51,273 WARN  [restartedMain] org.springframework.security.config.annotation.web.builders.WebSecurity:You are asking Spring Security to ignore Ant [pattern='/images/**']. This is not recommended -- please use permitAll via HttpSecurity#authorizeHttpRequests instead.
2023-09-08 09:58:51,273 INFO  [restartedMain] org.springframework.security.web.DefaultSecurityFilterChain:Will not secure Ant [pattern='/images/**']
2023-09-08 09:58:51,273 WARN  [restartedMain] org.springframework.security.config.annotation.web.builders.WebSecurity:You are asking Spring Security to ignore Ant [pattern='/css/**']. This is not recommended -- please use permitAll via HttpSecurity#authorizeHttpRequests instead.
2023-09-08 09:58:51,273 INFO  [restartedMain] org.springframework.security.web.DefaultSecurityFilterChain:Will not secure Ant [pattern='/css/**']
2023-09-08 09:58:51,273 WARN  [restartedMain] org.springframework.security.config.annotation.web.builders.WebSecurity:You are asking Spring Security to ignore Ant [pattern='/js/**']. This is not recommended -- please use permitAll via HttpSecurity#authorizeHttpRequests instead.
2023-09-08 09:58:51,273 INFO  [restartedMain] org.springframework.security.web.DefaultSecurityFilterChain:Will not secure Ant [pattern='/js/**']
2023-09-08 09:58:51,301 INFO  [restartedMain] org.springframework.boot.devtools.autoconfigure.OptionalLiveReloadServer:LiveReload server is running on port 35729
2023-09-08 09:58:51,308 INFO  [restartedMain] org.springframework.boot.actuate.endpoint.web.EndpointLinksResolver:Exposing 15 endpoint(s) beneath base path '/actuator'
2023-09-08 09:58:51,373 INFO  [restartedMain] org.springframework.boot.web.embedded.tomcat.TomcatWebServer:Tomcat started on port(s): 8080 (http) with context path ''
2023-09-08 09:58:51,393 INFO  [restartedMain] com.saferent.SaferentApplication:Started SaferentApplication in 6.346 seconds (JVM running for 7.458)
2023-09-08 09:58:51,755 INFO  [RMI TCP Connection(2)-192.168.178.51] org.apache.catalina.core.ContainerBase.[Tomcat].[localhost].[/]:Initializing Spring DispatcherServlet 'dispatcherServlet'
2023-09-08 09:59:06,359 INFO  [SpringApplicationShutdownHook] org.springframework.orm.jpa.LocalContainerEntityManagerFactoryBean:Closing JPA EntityManagerFactory for persistence unit 'default'
2023-09-08 09:59:06,365 INFO  [SpringApplicationShutdownHook] com.zaxxer.hikari.HikariDataSource:HikariPool-1 - Shutdown initiated...
2023-09-08 09:59:06,368 INFO  [SpringApplicationShutdownHook] com.zaxxer.hikari.HikariDataSource:HikariPool-1 - Shutdown completed.
2023-09-08 10:02:44,268 INFO  [restartedMain] com.saferent.SaferentApplication:Starting SaferentApplication using Java 18.0.2.1 on Abide-MBP.fritz.box with PID 4383 (/Users/abidehalidekaradag/Desktop/backendproject(saferent)/target/classes started by abidehalidekaradag in /Users/abidehalidekaradag/Desktop/backendproject(saferent))
2023-09-08 10:02:44,270 DEBUG [restartedMain] com.saferent.SaferentApplication:Running with Spring Boot v2.7.8, Spring v5.3.25
2023-09-08 10:02:44,298 INFO  [restartedMain] com.saferent.SaferentApplication:No active profile set, falling back to 1 default profile: "default"
2023-09-08 10:02:44,386 INFO  [restartedMain] org.springframework.boot.devtools.env.DevToolsPropertyDefaultsPostProcessor:Devtools property defaults active! Set 'spring.devtools.add-properties' to 'false' to disable
2023-09-08 10:02:44,387 INFO  [restartedMain] org.springframework.boot.devtools.env.DevToolsPropertyDefaultsPostProcessor:For additional web related logging consider setting the 'logging.level.web' property to 'DEBUG'
2023-09-08 10:02:45,806 INFO  [restartedMain] org.springframework.data.repository.config.RepositoryConfigurationDelegate:Bootstrapping Spring Data JPA repositories in DEFAULT mode.
2023-09-08 10:02:45,894 INFO  [restartedMain] org.springframework.data.repository.config.RepositoryConfigurationDelegate:Finished Spring Data repository scanning in 83 ms. Found 6 JPA repository interfaces.
2023-09-08 10:02:46,696 INFO  [restartedMain] org.springframework.boot.web.embedded.tomcat.TomcatWebServer:Tomcat initialized with port(s): 8080 (http)
2023-09-08 10:02:46,708 INFO  [restartedMain] org.apache.catalina.core.StandardService:Starting service [Tomcat]
2023-09-08 10:02:46,708 INFO  [restartedMain] org.apache.catalina.core.StandardEngine:Starting Servlet engine: [Apache Tomcat/9.0.71]
2023-09-08 10:02:46,778 INFO  [restartedMain] org.apache.catalina.core.ContainerBase.[Tomcat].[localhost].[/]:Initializing Spring embedded WebApplicationContext
2023-09-08 10:02:46,779 INFO  [restartedMain] org.springframework.boot.web.servlet.context.ServletWebServerApplicationContext:Root WebApplicationContext: initialization completed in 2390 ms
2023-09-08 10:02:47,154 INFO  [restartedMain] org.hibernate.jpa.internal.util.LogHelper:HHH000204: Processing PersistenceUnitInfo [name: default]
2023-09-08 10:02:47,257 INFO  [restartedMain] org.hibernate.Version:HHH000412: Hibernate ORM core version 5.6.14.Final
2023-09-08 10:02:47,394 INFO  [restartedMain] org.hibernate.annotations.common.Version:HCANN000001: Hibernate Commons Annotations {5.1.2.Final}
2023-09-08 10:02:47,468 INFO  [restartedMain] com.zaxxer.hikari.HikariDataSource:HikariPool-1 - Starting...
2023-09-08 10:02:47,613 INFO  [restartedMain] com.zaxxer.hikari.HikariDataSource:HikariPool-1 - Start completed.
2023-09-08 10:02:47,632 INFO  [restartedMain] org.hibernate.dialect.Dialect:HHH000400: Using dialect: org.hibernate.dialect.PostgreSQLDialect
2023-09-08 10:02:48,612 INFO  [restartedMain] org.hibernate.engine.transaction.jta.platform.internal.JtaPlatformInitiator:HHH000490: Using JtaPlatform implementation: [org.hibernate.engine.transaction.jta.platform.internal.NoJtaPlatform]
2023-09-08 10:02:48,622 INFO  [restartedMain] org.springframework.orm.jpa.LocalContainerEntityManagerFactoryBean:Initialized JPA EntityManagerFactory for persistence unit 'default'
2023-09-08 10:02:49,228 DEBUG [restartedMain] com.saferent.security.jwt.AuthTokenFilter:Filter 'authTokenFilter' configured for use
2023-09-08 10:02:49,483 INFO  [restartedMain] org.springframework.security.web.DefaultSecurityFilterChain:Will secure any request with [org.springframework.security.web.session.DisableEncodeUrlFilter@4c63988e, org.springframework.security.web.context.request.async.WebAsyncManagerIntegrationFilter@1db42653, org.springframework.security.web.context.SecurityContextPersistenceFilter@7398679d, org.springframework.security.web.header.HeaderWriterFilter@3e8aa0ce, org.springframework.security.web.authentication.logout.LogoutFilter@387da0cc, com.saferent.security.jwt.AuthTokenFilter@20a917e0, org.springframework.security.web.savedrequest.RequestCacheAwareFilter@5b352eeb, org.springframework.security.web.servletapi.SecurityContextHolderAwareRequestFilter@cd0859d, org.springframework.security.web.authentication.AnonymousAuthenticationFilter@6c42dd23, org.springframework.security.web.session.SessionManagementFilter@4ab524c6, org.springframework.security.web.access.ExceptionTranslationFilter@80fcbb3, org.springframework.security.web.access.intercept.FilterSecurityInterceptor@3c8da170]
2023-09-08 10:02:49,604 WARN  [restartedMain] org.springframework.boot.autoconfigure.orm.jpa.JpaBaseConfiguration$JpaWebConfiguration:spring.jpa.open-in-view is enabled by default. Therefore, database queries may be performed during view rendering. Explicitly configure spring.jpa.open-in-view to disable this warning
2023-09-08 10:02:50,789 WARN  [restartedMain] org.springframework.security.config.annotation.web.builders.WebSecurity:You are asking Spring Security to ignore Ant [pattern='/v3/api-docs/**']. This is not recommended -- please use permitAll via HttpSecurity#authorizeHttpRequests instead.
2023-09-08 10:02:50,790 INFO  [restartedMain] org.springframework.security.web.DefaultSecurityFilterChain:Will not secure Ant [pattern='/v3/api-docs/**']
2023-09-08 10:02:50,790 WARN  [restartedMain] org.springframework.security.config.annotation.web.builders.WebSecurity:You are asking Spring Security to ignore Ant [pattern='swagger-ui.html']. This is not recommended -- please use permitAll via HttpSecurity#authorizeHttpRequests instead.
2023-09-08 10:02:50,790 INFO  [restartedMain] org.springframework.security.web.DefaultSecurityFilterChain:Will not secure Ant [pattern='swagger-ui.html']
2023-09-08 10:02:50,790 WARN  [restartedMain] org.springframework.security.config.annotation.web.builders.WebSecurity:You are asking Spring Security to ignore Ant [pattern='/swagger-ui/**']. This is not recommended -- please use permitAll via HttpSecurity#authorizeHttpRequests instead.
2023-09-08 10:02:50,790 INFO  [restartedMain] org.springframework.security.web.DefaultSecurityFilterChain:Will not secure Ant [pattern='/swagger-ui/**']
2023-09-08 10:02:50,790 WARN  [restartedMain] org.springframework.security.config.annotation.web.builders.WebSecurity:You are asking Spring Security to ignore Ant [pattern='/']. This is not recommended -- please use permitAll via HttpSecurity#authorizeHttpRequests instead.
2023-09-08 10:02:50,790 INFO  [restartedMain] org.springframework.security.web.DefaultSecurityFilterChain:Will not secure Ant [pattern='/']
2023-09-08 10:02:50,790 WARN  [restartedMain] org.springframework.security.config.annotation.web.builders.WebSecurity:You are asking Spring Security to ignore Ant [pattern='index.html']. This is not recommended -- please use permitAll via HttpSecurity#authorizeHttpRequests instead.
2023-09-08 10:02:50,790 INFO  [restartedMain] org.springframework.security.web.DefaultSecurityFilterChain:Will not secure Ant [pattern='index.html']
2023-09-08 10:02:50,791 WARN  [restartedMain] org.springframework.security.config.annotation.web.builders.WebSecurity:You are asking Spring Security to ignore Ant [pattern='/images/**']. This is not recommended -- please use permitAll via HttpSecurity#authorizeHttpRequests instead.
2023-09-08 10:02:50,791 INFO  [restartedMain] org.springframework.security.web.DefaultSecurityFilterChain:Will not secure Ant [pattern='/images/**']
2023-09-08 10:02:50,791 WARN  [restartedMain] org.springframework.security.config.annotation.web.builders.WebSecurity:You are asking Spring Security to ignore Ant [pattern='/css/**']. This is not recommended -- please use permitAll via HttpSecurity#authorizeHttpRequests instead.
2023-09-08 10:02:50,791 INFO  [restartedMain] org.springframework.security.web.DefaultSecurityFilterChain:Will not secure Ant [pattern='/css/**']
2023-09-08 10:02:50,791 WARN  [restartedMain] org.springframework.security.config.annotation.web.builders.WebSecurity:You are asking Spring Security to ignore Ant [pattern='/js/**']. This is not recommended -- please use permitAll via HttpSecurity#authorizeHttpRequests instead.
2023-09-08 10:02:50,791 INFO  [restartedMain] org.springframework.security.web.DefaultSecurityFilterChain:Will not secure Ant [pattern='/js/**']
2023-09-08 10:02:50,815 INFO  [restartedMain] org.springframework.boot.devtools.autoconfigure.OptionalLiveReloadServer:LiveReload server is running on port 35729
2023-09-08 10:02:50,823 INFO  [restartedMain] org.springframework.boot.actuate.endpoint.web.EndpointLinksResolver:Exposing 15 endpoint(s) beneath base path '/actuator'
2023-09-08 10:02:50,889 INFO  [restartedMain] org.springframework.boot.web.embedded.tomcat.TomcatWebServer:Tomcat started on port(s): 8080 (http) with context path ''
2023-09-08 10:02:50,908 INFO  [restartedMain] com.saferent.SaferentApplication:Started SaferentApplication in 7.381 seconds (JVM running for 8.485)
2023-09-08 10:02:51,293 INFO  [RMI TCP Connection(3)-192.168.178.51] org.apache.catalina.core.ContainerBase.[Tomcat].[localhost].[/]:Initializing Spring DispatcherServlet 'dispatcherServlet'
2023-09-08 10:02:58,274 ERROR [http-nio-8080-exec-1] com.saferent.exception.SafeRentExceptionHandler:Email: xxx@yyy.com already exist
2023-09-08 10:02:58,318 WARN  [http-nio-8080-exec-1] org.springframework.web.servlet.mvc.method.annotation.ExceptionHandlerExceptionResolver:Resolved [com.saferent.exception.ConflictException: Email: xxx@yyy.com already exist]
2023-09-08 10:03:05,331 ERROR [http-nio-8080-exec-3] com.saferent.exception.SafeRentExceptionHandler:User with email: hsn@yyy.com not found
2023-09-08 10:03:05,335 WARN  [http-nio-8080-exec-3] org.springframework.web.servlet.mvc.method.annotation.ExceptionHandlerExceptionResolver:Resolved [org.springframework.security.authentication.InternalAuthenticationServiceException: User with email: hsn@yyy.com not found]
2023-09-08 10:04:15,892 ERROR [http-nio-8080-exec-9] com.saferent.security.jwt.JwtUtils:JWT Token Validation Error: JWT signature does not match locally computed signature. JWT validity cannot be asserted and should not be trusted.
2023-09-08 10:07:28,469 WARN  [http-nio-8080-exec-8] org.hibernate.hql.internal.ast.QueryTranslatorImpl:HHH000104: firstResult/maxResults specified with collection fetch; applying in memory!
2023-09-08 10:08:02,688 ERROR [http-nio-8080-exec-10] com.saferent.exception.SafeRentExceptionHandler:Email: xxx@yyy.com already exist
2023-09-08 10:08:02,690 WARN  [http-nio-8080-exec-10] org.springframework.web.servlet.mvc.method.annotation.ExceptionHandlerExceptionResolver:Resolved [com.saferent.exception.ConflictException: Email: xxx@yyy.com already exist]
2023-09-08 10:08:24,566 ERROR [http-nio-8080-exec-2] com.saferent.exception.SafeRentExceptionHandler:Current request is not a multipart request
2023-09-08 10:08:24,567 WARN  [http-nio-8080-exec-2] org.springframework.web.servlet.mvc.method.annotation.ExceptionHandlerExceptionResolver:Resolved [org.springframework.web.multipart.MultipartException: Current request is not a multipart request]
2023-09-08 10:09:12,043 ERROR [http-nio-8080-exec-5] com.saferent.exception.SafeRentExceptionHandler:ImageFile is used by another car
2023-09-08 10:09:12,047 WARN  [http-nio-8080-exec-5] org.springframework.web.servlet.mvc.method.annotation.ExceptionHandlerExceptionResolver:Resolved [com.saferent.exception.ConflictException: ImageFile is used by another car]
2023-09-08 10:09:38,973 WARN  [http-nio-8080-exec-7] org.hibernate.hql.internal.ast.QueryTranslatorImpl:HHH000104: firstResult/maxResults specified with collection fetch; applying in memory!
2023-09-08 10:09:59,703 WARN  [http-nio-8080-exec-8] org.hibernate.hql.internal.ast.QueryTranslatorImpl:HHH000104: firstResult/maxResults specified with collection fetch; applying in memory!
2023-09-08 10:10:07,774 ERROR [http-nio-8080-exec-9] com.saferent.exception.SafeRentExceptionHandler:Resource with id 1 not found
2023-09-08 10:10:07,779 WARN  [http-nio-8080-exec-9] org.springframework.web.servlet.mvc.method.annotation.ExceptionHandlerExceptionResolver:Resolved [com.saferent.exception.ResourceNotFoundException: Resource with id 1 not found]
2023-09-08 10:10:19,565 WARN  [http-nio-8080-exec-2] org.springframework.web.servlet.PageNotFound:Request method 'GET' not supported
2023-09-08 10:10:19,570 WARN  [http-nio-8080-exec-2] org.springframework.web.servlet.mvc.method.annotation.ExceptionHandlerExceptionResolver:Resolved [org.springframework.web.HttpRequestMethodNotSupportedException: Request method 'GET' not supported]
2023-09-08 10:10:51,046 INFO  [SpringApplicationShutdownHook] org.springframework.orm.jpa.LocalContainerEntityManagerFactoryBean:Closing JPA EntityManagerFactory for persistence unit 'default'
2023-09-08 10:10:51,059 INFO  [SpringApplicationShutdownHook] com.zaxxer.hikari.HikariDataSource:HikariPool-1 - Shutdown initiated...
2023-09-08 10:10:51,066 INFO  [SpringApplicationShutdownHook] com.zaxxer.hikari.HikariDataSource:HikariPool-1 - Shutdown completed.
